\BOOKMARK [0][-]{chapter*.1}{\376\377\000C\000o\000n\000t\000e\000n\000t\000s}{}% 1
\BOOKMARK [0][-]{chapter.1}{\376\377\000P\000r\000e\000l\000i\000m\000i\000n\000a\000r\000i\000e\000s}{}% 2
\BOOKMARK [1][-]{section.1.1}{\376\377\000I\000n\000t\000r\000o\000d\000u\000c\000t\000i\000o\000n}{chapter.1}% 3
\BOOKMARK [1][-]{section.1.2}{\376\377\000S\000o\000m\000e\000\040\000b\000a\000s\000i\000c\000\040\000n\000o\000t\000a\000t\000i\000o\000n}{chapter.1}% 4
\BOOKMARK [2][-]{subsection.1.2.1}{\376\377\000S\000e\000t\000s}{section.1.2}% 5
\BOOKMARK [2][-]{subsection.1.2.2}{\376\377\000L\000i\000s\000t\000s}{section.1.2}% 6
\BOOKMARK [2][-]{subsection.1.2.3}{\376\377\000B\000y\000t\000e\000s\000t\000r\000i\000n\000g\000s\000\040\000a\000n\000d\000\040\000b\000i\000t\000s\000t\000r\000i\000n\000g\000s}{section.1.2}% 7
\BOOKMARK [2][-]{subsection.1.2.4}{\376\377\000M\000i\000s\000c\000e\000l\000l\000a\000n\000e\000o\000u\000s\000\040\000n\000o\000t\000a\000t\000i\000o\000n}{section.1.2}% 8
\BOOKMARK [0][-]{chapter.2}{\376\377\000U\000n\000t\000y\000p\000e\000d\000\040\000P\000l\000u\000t\000u\000s\000\040\000C\000o\000r\000e}{}% 9
\BOOKMARK [1][-]{section.2.1}{\376\377\000T\000h\000e\000\040\000g\000r\000a\000m\000m\000a\000r\000\040\000o\000f\000\040\000P\000l\000u\000t\000u\000s\000\040\000C\000o\000r\000e}{chapter.2}% 10
\BOOKMARK [2][-]{subsection.2.1.1}{\376\377\000L\000e\000x\000i\000c\000a\000l\000\040\000g\000r\000a\000m\000m\000a\000r}{section.2.1}% 11
\BOOKMARK [2][-]{subsection.2.1.2}{\376\377\000G\000r\000a\000m\000m\000a\000r}{section.2.1}% 12
\BOOKMARK [2][-]{subsection.2.1.3}{\376\377\000N\000o\000t\000e\000s}{section.2.1}% 13
\BOOKMARK [1][-]{section.2.2}{\376\377\000I\000n\000t\000e\000r\000p\000r\000e\000t\000a\000t\000i\000o\000n\000\040\000o\000f\000\040\000b\000u\000i\000l\000t\000-\000i\000n\000\040\000t\000y\000p\000e\000s\000\040\000a\000n\000d\000\040\000f\000u\000n\000c\000t\000i\000o\000n\000s}{chapter.2}% 14
\BOOKMARK [2][-]{subsection.2.2.1}{\376\377\000B\000u\000i\000l\000t\000-\000i\000n\000\040\000t\000y\000p\000e\000s}{section.2.2}% 15
\BOOKMARK [3][-]{subsubsection.2.2.1.1}{\376\377\000T\000y\000p\000e\000\040\000v\000a\000r\000i\000a\000b\000l\000e\000s}{subsection.2.2.1}% 16
\BOOKMARK [3][-]{subsubsection.2.2.1.2}{\376\377\000P\000o\000l\000y\000m\000o\000r\000p\000h\000i\000c\000\040\000t\000y\000p\000e\000s}{subsection.2.2.1}% 17
\BOOKMARK [3][-]{subsubsection.2.2.1.3}{\376\377\000T\000y\000p\000e\000\040\000a\000s\000s\000i\000g\000n\000m\000e\000n\000t\000s}{subsection.2.2.1}% 18
\BOOKMARK [2][-]{subsection.2.2.2}{\376\377\000B\000u\000i\000l\000t\000-\000i\000n\000\040\000f\000u\000n\000c\000t\000i\000o\000n\000s}{section.2.2}% 19
\BOOKMARK [3][-]{subsubsection.2.2.2.1}{\376\377\000I\000n\000p\000u\000t\000s\000\040\000t\000o\000\040\000b\000u\000i\000l\000t\000-\000i\000n\000\040\000f\000u\000n\000c\000t\000i\000o\000n\000s}{subsection.2.2.2}% 20
\BOOKMARK [3][-]{subsubsection.2.2.2.2}{\376\377\000O\000u\000t\000p\000u\000t\000s\000\040\000o\000f\000\040\000b\000u\000i\000l\000t\000-\000i\000n\000\040\000f\000u\000n\000c\000t\000i\000o\000n\000s}{subsection.2.2.2}% 21
\BOOKMARK [3][-]{subsubsection.2.2.2.3}{\376\377\000S\000i\000g\000n\000a\000t\000u\000r\000e\000s\000\040\000a\000n\000d\000\040\000d\000e\000n\000o\000t\000a\000t\000i\000o\000n\000s\000\040\000o\000f\000\040\000b\000u\000i\000l\000t\000-\000i\000n\000\040\000f\000u\000n\000c\000t\000i\000o\000n\000s}{subsection.2.2.2}% 22
\BOOKMARK [3][-]{subsubsection.2.2.2.4}{\376\377\000D\000e\000n\000o\000t\000a\000t\000i\000o\000n\000s\000\040\000o\000f\000\040\000b\000u\000i\000l\000t\000-\000i\000n\000\040\000f\000u\000n\000c\000t\000i\000o\000n\000s}{subsection.2.2.2}% 23
\BOOKMARK [3][-]{subsubsection.2.2.2.5}{\376\377\000R\000e\000s\000u\000l\000t\000s\000\040\000o\000f\000\040\000b\000u\000i\000l\000t\000-\000i\000n\000\040\000f\000u\000n\000c\000t\000i\000o\000n\000s\000.}{subsection.2.2.2}% 24
\BOOKMARK [3][-]{subsubsection.2.2.2.6}{\376\377\000P\000a\000r\000a\000m\000e\000t\000r\000i\000c\000i\000t\000y\000\040\000f\000o\000r\000\040\000f\000u\000l\000l\000y\000-\000p\000o\000l\000y\000m\000o\000r\000p\000h\000i\000c\000\040\000a\000r\000g\000u\000m\000e\000n\000t\000s}{subsection.2.2.2}% 25
\BOOKMARK [2][-]{subsection.2.2.3}{\376\377\000E\000v\000a\000l\000u\000a\000t\000i\000o\000n\000\040\000o\000f\000\040\000b\000u\000i\000l\000t\000-\000i\000n\000\040\000f\000u\000n\000c\000t\000i\000o\000n\000s}{section.2.2}% 26
\BOOKMARK [3][-]{subsubsection.2.2.3.1}{\376\377\000C\000o\000m\000p\000a\000t\000i\000b\000i\000l\000i\000t\000y\000\040\000o\000f\000\040\000i\000n\000p\000u\000t\000s\000\040\000a\000n\000d\000\040\000s\000i\000g\000n\000a\000t\000u\000r\000e\000\040\000e\000n\000t\000r\000i\000e\000s}{subsection.2.2.3}% 27
\BOOKMARK [3][-]{subsubsection.2.2.3.2}{\376\377\000E\000v\000a\000l\000u\000a\000t\000i\000o\000n}{subsection.2.2.3}% 28
\BOOKMARK [1][-]{section.2.3}{\376\377\000T\000e\000r\000m\000\040\000r\000e\000d\000u\000c\000t\000i\000o\000n}{chapter.2}% 29
\BOOKMARK [2][-]{subsection.2.3.1}{\376\377\000V\000a\000l\000u\000e\000s\000\040\000i\000n\000\040\000P\000l\000u\000t\000u\000s\000\040\000C\000o\000r\000e}{section.2.3}% 30
\BOOKMARK [2][-]{subsection.2.3.2}{\376\377\000T\000e\000r\000m\000\040\000r\000e\000d\000u\000c\000t\000i\000o\000n}{section.2.3}% 31
\BOOKMARK [1][-]{section.2.4}{\376\377\000T\000h\000e\000\040\000C\000E\000K\000\040\000m\000a\000c\000h\000i\000n\000e}{chapter.2}% 32
\BOOKMARK [2][-]{subsection.2.4.1}{\376\377\000C\000o\000n\000v\000e\000r\000t\000i\000n\000g\000\040\000C\000E\000K\000\040\000e\000v\000a\000l\000u\000a\000t\000i\000o\000n\000\040\000r\000e\000s\000u\000l\000t\000s\000\040\000i\000n\000t\000o\000\040\000P\000l\000u\000t\000u\000s\000\040\000C\000o\000r\000e\000\040\000t\000e\000r\000m\000s}{section.2.4}% 33
\BOOKMARK [1][-]{section.2.5}{\376\377\000C\000o\000s\000t\000\040\000a\000c\000c\000o\000u\000n\000t\000i\000n\000g\000\040\000f\000o\000r\000\040\000U\000n\000t\000y\000p\000e\000d\000\040\000P\000l\000u\000t\000u\000s\000\040\000C\000o\000r\000e}{chapter.2}% 34
\BOOKMARK [0][-]{chapter.3}{\376\377\000T\000y\000p\000e\000d\000\040\000P\000l\000u\000t\000u\000s\000\040\000C\000o\000r\000e}{}% 35
\BOOKMARK [0][-]{chapter.4}{\376\377\000P\000l\000u\000t\000u\000s\000\040\000C\000o\000r\000e\000\040\000o\000n\000\040\000C\000a\000r\000d\000a\000n\000o}{}% 36
\BOOKMARK [1][-]{section.4.1}{\376\377\000P\000r\000o\000t\000o\000c\000o\000l\000\040\000v\000e\000r\000s\000i\000o\000n\000s}{chapter.4}% 37
\BOOKMARK [1][-]{section.4.2}{\376\377\000L\000e\000d\000g\000e\000r\000\040\000l\000a\000n\000g\000u\000a\000g\000e\000s}{chapter.4}% 38
\BOOKMARK [1][-]{section.4.3}{\376\377\000B\000u\000i\000l\000t\000-\000i\000n\000\040\000t\000y\000p\000e\000s\000\040\000a\000n\000d\000\040\000f\000u\000n\000c\000t\000i\000o\000n\000s}{chapter.4}% 39
\BOOKMARK [2][-]{subsection.4.3.1}{\376\377\000B\000a\000t\000c\000h\000\040\0001}{section.4.3}% 40
\BOOKMARK [3][-]{subsubsection.4.3.1.1}{\376\377\000B\000u\000i\000l\000t\000-\000i\000n\000\040\000t\000y\000p\000e\000s\000\040\000a\000n\000d\000\040\000t\000y\000p\000e\000\040\000o\000p\000e\000r\000a\000t\000o\000r\000s}{subsection.4.3.1}% 41
\BOOKMARK [3][-]{subsubsection.4.3.1.2}{\376\377\000B\000u\000i\000l\000t\000-\000i\000n\000\040\000f\000u\000n\000c\000t\000i\000o\000n\000s}{subsection.4.3.1}% 42
\BOOKMARK [2][-]{subsection.4.3.2}{\376\377\000B\000a\000t\000c\000h\000\040\0002}{section.4.3}% 43
\BOOKMARK [3][-]{subsubsection.4.3.2.1}{\376\377\000B\000u\000i\000l\000t\000-\000i\000n\000\040\000f\000u\000n\000c\000t\000i\000o\000n\000s}{subsection.4.3.2}% 44
\BOOKMARK [2][-]{subsection.4.3.3}{\376\377\000B\000a\000t\000c\000h\000\040\0003}{section.4.3}% 45
\BOOKMARK [3][-]{subsubsection.4.3.3.1}{\376\377\000B\000u\000i\000l\000t\000-\000i\000n\000\040\000f\000u\000n\000c\000t\000i\000o\000n\000s}{subsection.4.3.3}% 46
\BOOKMARK [2][-]{subsection.4.3.4}{\376\377\000B\000a\000t\000c\000h\000\040\0004}{section.4.3}% 47
\BOOKMARK [3][-]{subsubsection.4.3.4.1}{\376\377\000M\000i\000s\000c\000e\000l\000l\000a\000n\000e\000o\000u\000s\000\040\000b\000u\000i\000l\000t\000-\000i\000n\000\040\000f\000u\000n\000c\000t\000i\000o\000n\000s}{subsection.4.3.4}% 48
\BOOKMARK [3][-]{subsubsection.4.3.4.2}{\376\377\000B\000L\000S\0001\0002\000-\0003\0008\0001\000\040\000b\000u\000i\000l\000t\000-\000i\000n\000\040\000t\000y\000p\000e\000s}{subsection.4.3.4}% 49
\BOOKMARK [3][-]{subsubsection.4.3.4.3}{\376\377\000B\000L\000S\0001\0002\000-\0003\0008\0001\000\040\000b\000u\000i\000l\000t\000-\000i\000n\000\040\000f\000u\000n\000c\000t\000i\000o\000n\000s}{subsection.4.3.4}% 50
\BOOKMARK [2][-]{subsection.4.3.5}{\376\377\000B\000a\000t\000c\000h\000\040\0005}{section.4.3}% 51
\BOOKMARK [3][-]{subsubsection.4.3.5.1}{\376\377\000B\000u\000i\000l\000t\000-\000i\000n\000\040\000f\000u\000n\000c\000t\000i\000o\000n\000s}{subsection.4.3.5}% 52
\BOOKMARK [2][-]{subsection.4.3.6}{\376\377\000B\000a\000t\000c\000h\000\040\0006}{section.4.3}% 53
\BOOKMARK [3][-]{subsubsection.4.3.6.1}{\376\377\000B\000u\000i\000l\000t\000-\000i\000n\000\040\000t\000y\000p\000e\000\040\000o\000p\000e\000r\000a\000t\000o\000r\000s}{subsection.4.3.6}% 54
\BOOKMARK [3][-]{subsubsection.4.3.6.2}{\376\377\000B\000u\000i\000l\000t\000-\000i\000n\000\040\000f\000u\000n\000c\000t\000i\000o\000n\000s}{subsection.4.3.6}% 55
\BOOKMARK [0][-]{appendix.1.A}{\376\377\000F\000o\000r\000m\000a\000l\000l\000y\000\040\000V\000e\000r\000i\000f\000i\000e\000d\000\040\000B\000e\000h\000a\000v\000i\000o\000u\000r\000s}{}% 56
\BOOKMARK [0][-]{appendix.1.B}{\376\377\000S\000e\000r\000i\000a\000l\000i\000s\000i\000n\000g\000\040\000d\000a\000t\000a\000\040\000O\000b\000j\000e\000c\000t\000s\000\040\000U\000s\000i\000n\000g\000\040\000t\000h\000e\000\040\000C\000B\000O\000R\000\040\000F\000o\000r\000m\000a\000t}{}% 57
\BOOKMARK [1][-]{section.1.B.1}{\376\377\000I\000n\000t\000r\000o\000d\000u\000c\000t\000i\000o\000n}{appendix.1.B}% 58
\BOOKMARK [1][-]{section.1.B.2}{\376\377\000N\000o\000t\000a\000t\000i\000o\000n}{appendix.1.B}% 59
\BOOKMARK [1][-]{section.1.B.3}{\376\377\000T\000h\000e\000\040\000C\000B\000O\000R\000\040\000f\000o\000r\000m\000a\000t}{appendix.1.B}% 60
\BOOKMARK [1][-]{section.1.B.4}{\376\377\000E\000n\000c\000o\000d\000i\000n\000g\000\040\000a\000n\000d\000\040\000d\000e\000c\000o\000d\000i\000n\000g\000\040\000t\000h\000e\000\040\000h\000e\000a\000d\000s\000\040\000o\000f\000\040\000C\000B\000O\000R\000\040\000i\000t\000e\000m\000s}{appendix.1.B}% 61
\BOOKMARK [1][-]{section.1.B.5}{\376\377\000E\000n\000c\000o\000d\000i\000n\000g\000\040\000a\000n\000d\000\040\000d\000e\000c\000o\000d\000i\000n\000g\000\040\000b\000y\000t\000e\000s\000t\000r\000i\000n\000g\000s}{appendix.1.B}% 62
\BOOKMARK [1][-]{section.1.B.6}{\376\377\000E\000n\000c\000o\000d\000i\000n\000g\000\040\000a\000n\000d\000\040\000d\000e\000c\000o\000d\000i\000n\000g\000\040\000i\000n\000t\000e\000g\000e\000r\000s}{appendix.1.B}% 63
\BOOKMARK [1][-]{section.1.B.7}{\376\377\000E\000n\000c\000o\000d\000i\000n\000g\000\040\000a\000n\000d\000\040\000d\000e\000c\000o\000d\000i\000n\000g\000\040\000d\000a\000t\000a}{appendix.1.B}% 64
\BOOKMARK [0][-]{appendix.1.C}{\376\377\000S\000e\000r\000i\000a\000l\000i\000s\000i\000n\000g\000\040\000P\000l\000u\000t\000u\000s\000\040\000C\000o\000r\000e\000\040\000T\000e\000r\000m\000s\000\040\000a\000n\000d\000\040\000P\000r\000o\000g\000r\000a\000m\000s\000\040\000U\000s\000i\000n\000g\000\040\000t\000h\000e\000\040\000f\000l\000a\000t\000\040\000F\000o\000r\000m\000a\000t}{}% 65
\BOOKMARK [1][-]{section.1.C.1}{\376\377\000E\000n\000c\000o\000d\000i\000n\000g\000\040\000a\000n\000d\000\040\000d\000e\000c\000o\000d\000i\000n\000g}{appendix.1.C}% 66
\BOOKMARK [2][-]{subsection.1.C.1.1}{\376\377\000P\000a\000d\000d\000i\000n\000g}{section.1.C.1}% 67
\BOOKMARK [1][-]{section.1.C.2}{\376\377\000B\000a\000s\000i\000c\000\040\000f\000l\000a\000t\000\040\000e\000n\000c\000o\000d\000i\000n\000g\000s}{appendix.1.C}% 68
\BOOKMARK [2][-]{subsection.1.C.2.1}{\376\377\000F\000i\000x\000e\000d\000-\000w\000i\000d\000t\000h\000\040\000n\000a\000t\000u\000r\000a\000l\000\040\000n\000u\000m\000b\000e\000r\000s}{section.1.C.2}% 69
\BOOKMARK [2][-]{subsection.1.C.2.2}{\376\377\000L\000i\000s\000t\000s}{section.1.C.2}% 70
\BOOKMARK [2][-]{subsection.1.C.2.3}{\376\377\000A\000r\000r\000a\000y\000s}{section.1.C.2}% 71
\BOOKMARK [2][-]{subsection.1.C.2.4}{\376\377\000N\000a\000t\000u\000r\000a\000l\000\040\000n\000u\000m\000b\000e\000r\000s}{section.1.C.2}% 72
\BOOKMARK [2][-]{subsection.1.C.2.5}{\376\377\000I\000n\000t\000e\000g\000e\000r\000s}{section.1.C.2}% 73
\BOOKMARK [2][-]{subsection.1.C.2.6}{\376\377\000B\000y\000t\000e\000s\000t\000r\000i\000n\000g\000s}{section.1.C.2}% 74
\BOOKMARK [2][-]{subsection.1.C.2.7}{\376\377\000S\000t\000r\000i\000n\000g\000s}{section.1.C.2}% 75
\BOOKMARK [1][-]{section.1.C.3}{\376\377\000E\000n\000c\000o\000d\000i\000n\000g\000\040\000a\000n\000d\000\040\000d\000e\000c\000o\000d\000i\000n\000g\000\040\000P\000l\000u\000t\000u\000s\000\040\000C\000o\000r\000e}{appendix.1.C}% 76
\BOOKMARK [2][-]{subsection.1.C.3.1}{\376\377\000P\000r\000o\000g\000r\000a\000m\000s}{section.1.C.3}% 77
\BOOKMARK [2][-]{subsection.1.C.3.2}{\376\377\000T\000e\000r\000m\000s}{section.1.C.3}% 78
\BOOKMARK [2][-]{subsection.1.C.3.3}{\376\377\000B\000u\000i\000l\000t\000-\000i\000n\000\040\000t\000y\000p\000e\000s}{section.1.C.3}% 79
\BOOKMARK [2][-]{subsection.1.C.3.4}{\376\377\000C\000o\000n\000s\000t\000a\000n\000t\000s}{section.1.C.3}% 80
\BOOKMARK [2][-]{subsection.1.C.3.5}{\376\377\000B\000u\000i\000l\000t\000-\000i\000n\000\040\000f\000u\000n\000c\000t\000i\000o\000n\000s}{section.1.C.3}% 81
\BOOKMARK [2][-]{subsection.1.C.3.6}{\376\377\000V\000a\000r\000i\000a\000b\000l\000e\000\040\000n\000a\000m\000e\000s}{section.1.C.3}% 82
\BOOKMARK [1][-]{section.1.C.4}{\376\377\000C\000a\000r\000d\000a\000n\000o\000-\000s\000p\000e\000c\000i\000f\000i\000c\000\040\000s\000e\000r\000i\000a\000l\000i\000s\000a\000t\000i\000o\000n\000\040\000i\000s\000s\000u\000e\000s}{appendix.1.C}% 83
\BOOKMARK [2][-]{subsection.1.C.4.1}{\376\377\000S\000c\000o\000p\000e\000\040\000c\000h\000e\000c\000k\000i\000n\000g}{section.1.C.4}% 84
\BOOKMARK [2][-]{subsection.1.C.4.2}{\376\377\000C\000B\000O\000R\000\040\000w\000r\000a\000p\000p\000i\000n\000g}{section.1.C.4}% 85
\BOOKMARK [1][-]{section.1.C.5}{\376\377\000E\000x\000a\000m\000p\000l\000e}{appendix.1.C}% 86
\BOOKMARK [0][-]{appendix*.65}{\376\377\000B\000i\000b\000l\000i\000o\000g\000r\000a\000p\000h\000y}{}% 87
\BOOKMARK [0][-]{appendix*.66}{\376\377\000I\000n\000d\000e\000x\000\040\000o\000f\000\040\000N\000o\000t\000a\000t\000i\000o\000n}{}% 88
